Build started 7/11/2017 5:05:21 PM.
     1>Project "F:\Uog data\3rd semseter project\has\has\has.vcxproj" on node 2 (Build target(s)).
     1>ClCompile:
         C:\Program Files (x86)\Microsoft Visual Studio 12.0\VC\bin\CL.exe /c /ZI /nologo /W3 /WX- /Od /Oy- /D WIN32 /D _DEBUG /D _CONSOLE /D _LIB /D _UNICODE /D UNICODE /Gm /EHsc /RTC1 /MDd /GS /fp:precise /Zc:wchar_t /Zc:forScope /Fo"Debug\\" /Fd"Debug\vc120.pdb" /Gd /TP /analyze- /errorReport:prompt result_func.cpp search_class.cpp Source.cpp stack_class.cpp
         stack_class.cpp
         Source.cpp
     1>f:\uog data\3rd semseter project\has\has\source.cpp(43): warning C4996: 'getch': The POSIX name for this item is deprecated. Instead, use the ISO C++ conformant name: _getch. See online help for details.
                 c:\program files (x86)\microsoft visual studio 12.0\vc\include\conio.h(131) : see declaration of 'getch'
         search_class.cpp
         result_func.cpp
         Generating Code...
     1>f:\uog data\3rd semseter project\has\has\stack_class.cpp(58): warning C4715: 'stack87::size1' : not all control paths return a value
     1>f:\uog data\3rd semseter project\has\has\stack_class.cpp(32): warning C4715: 'stack87::pop1' : not all control paths return a value
       Link:
         C:\Program Files (x86)\Microsoft Visual Studio 12.0\VC\bin\link.exe /ERRORREPORT:PROMPT /OUT:"F:\Uog data\3rd semseter project\has\Debug\has.exe" /INCREMENTAL /NOLOGO kernel32.lib user32.lib gdi32.lib winspool.lib comdlg32.lib advapi32.lib shell32.lib ole32.lib oleaut32.lib uuid.lib odbc32.lib odbccp32.lib /MANIFEST /MANIFESTUAC:"level='asInvoker' uiAccess='false'" /manifest:embed /DEBUG /PDB:"F:\Uog data\3rd semseter project\has\Debug\has.pdb" /SUBSYSTEM:CONSOLE /TLBID:1 /DYNAMICBASE /NXCOMPAT /IMPLIB:"F:\Uog data\3rd semseter project\has\Debug\has.lib" /MACHINE:X86 Debug\result_func.obj
         Debug\search_class.obj
         Debug\Source.obj
         Debug\stack_class.obj
         has.vcxproj -> F:\Uog data\3rd semseter project\has\Debug\has.exe
     1>Done Building Project "F:\Uog data\3rd semseter project\has\has\has.vcxproj" (Build target(s)).

Build succeeded.

Time Elapsed 00:00:03.65
